<?xml version="1.0" encoding="utf-8"?><testsuites name="pytest tests"><testsuite name="pytest" errors="0" failures="0" skipped="0" tests="7" time="4.581" timestamp="2026-08-30T22:06:24.955551+00:00" hostname="agent-env-8c40c2b6-6b09-4c29-80df-552043574f12"><testcase classname="tests.test_rekap_api" name="test_login_wrong_password" time="0.506" /><testcase classname="tests.test_rekap_api" name="test_login_success_shape" time="0.385" /><testcase classname="tests.test_rekap_api" name="test_me_no_token" time="0.114" /><testcase classname="tests.test_rekap_api" name="test_me_valid" time="0.676" /><testcase classname="tests.test_rekap_api" name="test_categories" time="0.106" /><testcase classname="tests.test_rekap_api" name="test_create_invalid_category" time="0.205" /><testcase classname="tests.test_rekap_api" name="test_entries_full_flow" time="2.268" /></testsuite></testsuites>