<?xml version="1.0" encoding="utf-8"?><testsuites name="pytest tests"><testsuite name="pytest" errors="0" failures="0" skipped="0" tests="19" time="7.602" timestamp="2026-08-30T22:24:57.985608+00:00" hostname="agent-env-8c40c2b6-6b09-4c29-80df-552043574f12"><testcase classname="tests.test_rekap_api" name="test_login_wrong_password" time="0.638" /><testcase classname="tests.test_new_features.TestRekapFilter" name="test_invalid_start_date" time="0.628" /><testcase classname="tests.test_new_features.TestRekapFilter" name="test_invalid_end_date" time="0.127" /><testcase classname="tests.test_rekap_api" name="test_login_success_shape" time="0.340" /><testcase classname="tests.test_new_features.TestRekapFilter" name="test_range_with_no_data_returns_empty_groups" time="0.219" /><testcase classname="tests.test_rekap_api" name="test_me_no_token" time="0.324" /><testcase classname="tests.test_new_features.TestRekapFilter" name="test_today_range_includes_new_entry" time="0.973" /><testcase classname="tests.test_rekap_api" name="test_me_valid" time="0.435" /><testcase classname="tests.test_rekap_api" name="test_categories" time="0.121" /><testcase classname="tests.test_rekap_api" name="test_create_invalid_category" time="0.155" /><testcase classname="tests.test_new_features.TestRekapFilter" name="test_non_admin_still_blocked_with_dates" time="0.146" /><testcase classname="tests.test_new_features.TestChangePassword" name="test_new_password_too_short" time="0.270" /><testcase classname="tests.test_new_features.TestChangePassword" name="test_wrong_old_password" time="0.331" /><testcase classname="tests.test_new_features.TestChangePassword" name="test_change_and_revert_roundtrip" time="2.623" /><testcase classname="tests.test_rekap_api" name="test_entries_full_flow" time="3.979" /><testcase classname="tests.test_new_features.TestChangePassword" name="test_no_auth" time="0.116" /><testcase classname="tests.test_new_features.TestActivity" name="test_regular_user_forbidden" time="0.457" /><testcase classname="tests.test_new_features.TestActivity" name="test_admin_shape" time="0.450" /><testcase classname="tests.test_new_features.TestActivity" name="test_admin_activity_reflects_new_entry" time="0.378" /></testsuite></testsuites>